<?xml version="1.0" encoding="UTF-8"?>
<!-- Generated by org.testng.reporters.JUnitXMLReporter -->
<testsuite ignored="2" hostname="DESKTOP-JRVQ74U" failures="0" tests="2" name="Test-Runner1" time="0.089" errors="0" timestamp="2023-11-27T16:11:36 IST">
  <testcase classname="com.TestNG.DemoTest2" name="Demo3" time="0.013"/>
  <testcase classname="com.TestNG.DemoTest2" name="Demo4" time="0.001"/>
  <testcase classname="com.TestNG.DemoTest1" name="Demo2" time="0.0">
    <ignored/>
  </testcase> <!-- Demo2 -->
  <testcase classname="com.TestNG.DemoTest1" name="Demo1" time="0.0">
    <ignored/>
  </testcase> <!-- Demo1 -->
</testsuite> <!-- Test-Runner1 -->
