<?xml version="1.0" encoding="UTF-8"?>
<!-- Generated by org.testng.reporters.JUnitReportReporter -->
<testsuite hostname="DESKTOP-JRVQ74U" failures="0" tests="2" name="com.TestNG.DemoTest1" time="2.196" errors="0" timestamp="2023-11-22T13:23:13 IST" skipped="0">
  <testcase classname="com.TestNG.DemoTest1" name="Demo1" time="1.438"/>
  <system-out/>
  <testcase classname="com.TestNG.DemoTest1" name="Demo2" time="0.758"/>
  <system-out/>
</testsuite> <!-- com.TestNG.DemoTest1 -->
