<?xml version="1.0" encoding="UTF-8"?>
<!-- Generated by org.testng.reporters.JUnitReportReporter -->
<testsuite hostname="DESKTOP-JRVQ74U" failures="0" tests="2" name="com.staffModule.TC_15_DeleteAndViewCustomerUsingGenericUtils" time="4.752" errors="0" timestamp="2023-11-22T16:35:48 IST" skipped="0">
  <testcase classname="com.staffModule.TC_15_DeleteAndViewCustomerUsingGenericUtils" name="FetchTD" time="3.071"/>
  <system-out/>
  <testcase classname="com.staffModule.TC_15_DeleteAndViewCustomerUsingGenericUtils" name="staffModuleTest" time="1.681"/>
  <system-out/>
</testsuite> <!-- com.staffModule.TC_15_DeleteAndViewCustomerUsingGenericUtils -->
