<?xml version="1.0" encoding="UTF-8"?>
<!-- Generated by org.testng.reporters.JUnitReportReporter -->
<testsuite hostname="DESKTOP-JRVQ74U" failures="0" tests="2" name="com.practice_package.ReadDataFromTest" time="0.012" errors="0" timestamp="2023-11-10T13:31:20 IST" skipped="0">
  <testcase classname="com.practice_package.ReadDataFromTest" name="writedata" time="0.002"/>
  <system-out/>
  <testcase classname="com.practice_package.ReadDataFromTest" name="readdata" time="0.010"/>
  <system-out/>
</testsuite> <!-- com.practice_package.ReadDataFromTest -->
