<?xml version="1.0" encoding="UTF-8"?>
<!-- Generated by org.testng.reporters.JUnitReportReporter -->
<testsuite hostname="DESKTOP-JRVQ74U" failures="0" tests="2" name="com.deleteCustomer.TC_15_DeleteAndViewCustomer" time="8.093" errors="0" timestamp="2023-11-13T15:29:20 IST" skipped="0">
  <testcase classname="com.deleteCustomer.TC_15_DeleteAndViewCustomer" name="FetchTD" time="5.848"/>
  <system-out/>
  <testcase classname="com.deleteCustomer.TC_15_DeleteAndViewCustomer" name="staffModuleTest" time="2.245"/>
  <system-out/>
</testsuite> <!-- com.deleteCustomer.TC_15_DeleteAndViewCustomer -->
