<?xml version="1.0" encoding="UTF-8"?>
<!-- Generated by org.testng.reporters.JUnitReportReporter -->
<testsuite hostname="DESKTOP-JRVQ74U" failures="0" tests="1" name="com.bankingTestScripts.TC_01_OpenApproveViewActiveCustomerTest" time="4.680" errors="0" timestamp="2023-11-11T11:20:42 IST" skipped="0">
  <testcase classname="com.bankingTestScripts.TC_01_OpenApproveViewActiveCustomerTest" name="TC_01" time="4.680"/>
  <system-out/>
</testsuite> <!-- com.bankingTestScripts.TC_01_OpenApproveViewActiveCustomerTest -->
