<?xml version="1.0" encoding="UTF-8"?>
<!-- Generated by org.testng.reporters.JUnitReportReporter -->
<testsuite hostname="DESKTOP-JRVQ74U" failures="0" tests="2" name="com.TestNG.DemoTest4" time="0.011" errors="0" timestamp="2023-11-27T16:10:39 IST" skipped="0">
  <testcase classname="com.TestNG.DemoTest4" name="Demo2" time="0.001"/>
  <system-out/>
  <testcase classname="com.TestNG.DemoTest4" name="Demo1" time="0.010"/>
  <system-out/>
</testsuite> <!-- com.TestNG.DemoTest4 -->
