<?xml version="1.0" encoding="UTF-8"?>
<!-- Generated by org.testng.reporters.JUnitReportReporter -->
<testsuite hostname="DESKTOP-JRVQ74U" failures="0" tests="1" name="com.OpenAccount.TC_01_OpenApproveViewActiveCustomerTest" time="26.331" errors="0" timestamp="2023-11-22T17:05:36 IST" skipped="0">
  <testcase classname="com.OpenAccount.TC_01_OpenApproveViewActiveCustomerTest" name="TC_01" time="26.331"/>
  <system-out/>
</testsuite> <!-- com.OpenAccount.TC_01_OpenApproveViewActiveCustomerTest -->
