<?xml version="1.0" encoding="UTF-8"?>
<!-- Generated by org.testng.reporters.JUnitReportReporter -->
<testsuite hostname="DESKTOP-JRVQ74U" failures="0" tests="1" name="dataDrivenTesting.CmdParameterTest" time="20.153" errors="0" timestamp="2023-11-16T22:41:12 IST" skipped="0">
  <testcase classname="dataDrivenTesting.CmdParameterTest" name="cmdParametertest" time="20.153"/>
  <system-out/>
</testsuite> <!-- dataDrivenTesting.CmdParameterTest -->
