<?xml version="1.0" encoding="UTF-8"?>
<!-- Generated by org.testng.reporters.JUnitReportReporter -->
<testsuite hostname="DESKTOP-JRVQ74U" failures="0" tests="1" name="com.TestNG.softAssertion" time="0.011" errors="0" timestamp="2023-11-22T16:03:03 IST" skipped="0">
  <testcase classname="com.TestNG.softAssertion" name="softassert" time="0.011"/>
  <system-out/>
</testsuite> <!-- com.TestNG.softAssertion -->
