<?xml version="1.0" encoding="UTF-8"?>
<!-- Generated by org.testng.reporters.JUnitReportReporter -->
<testsuite hostname="DESKTOP-JRVQ74U" failures="0" tests="1" name="com.TestNG.practice" time="7.331" errors="0" timestamp="2023-11-22T12:35:22 IST" skipped="0">
  <testcase classname="com.TestNG.practice" name="pract" time="7.331"/>
  <system-out/>
</testsuite> <!-- com.TestNG.practice -->
