<?xml version="1.0" encoding="UTF-8"?>
<!-- Generated by org.testng.reporters.JUnitReportReporter -->
<testsuite hostname="DESKTOP-JRVQ74U" failures="0" tests="2" name="com.TestNG.DemoTest2" time="0.014" errors="0" timestamp="2023-11-27T16:11:36 IST" skipped="0">
  <testcase classname="com.TestNG.DemoTest2" name="Demo4" time="0.001"/>
  <system-out/>
  <testcase classname="com.TestNG.DemoTest2" name="Demo3" time="0.013"/>
  <system-out/>
</testsuite> <!-- com.TestNG.DemoTest2 -->
