<?xml version="1.0" encoding="UTF-8"?>
<!-- Generated by org.testng.reporters.JUnitReportReporter -->
<testsuite hostname="DESKTOP-JRVQ74U" failures="0" tests="4" name="com.TestNG.PracticeTestNGTest" time="0.024" errors="0" timestamp="2023-11-21T20:58:45 IST" skipped="0">
  <testcase classname="com.TestNG.PracticeTestNGTest" name="editTest" time="0.014"/>
  <system-out/>
  <testcase classname="com.TestNG.PracticeTestNGTest" name="createTest" time="0.003"/>
  <system-out/>
  <testcase classname="com.TestNG.PracticeTestNGTest" name="ffTest" time="0.002"/>
  <system-out/>
  <testcase classname="com.TestNG.PracticeTestNGTest" name="xeleteTest" time="0.005"/>
  <system-out/>
</testsuite> <!-- com.TestNG.PracticeTestNGTest -->
