<?xml version="1.0" encoding="UTF-8"?>
<!-- Generated by org.testng.reporters.JUnitReportReporter -->
<testsuite hostname="DESKTOP-JRVQ74U" failures="0" tests="1" name="com.practice_package.CmdParameterTest" time="4.299" errors="0" timestamp="2023-11-11T10:34:10 IST" skipped="0">
  <testcase classname="com.practice_package.CmdParameterTest" name="cmdParametertest" time="4.299"/>
  <system-out/>
</testsuite> <!-- com.practice_package.CmdParameterTest -->
